2024-11-15 14:32:16,938;Capella;7.0.0.202407091438;Open+Session;In-Flight+Entertainment+System.aird;;
2024-11-15 14:32:24,994;Capella;7.0.0.202407091438;Open+Session;In-Flight+Entertainment+System.aird;OK;
2024-11-15 14:36:23,882;Capella;7.0.0.202407091438;Create+Representation;Operational+Entity+Breakdown;;e4e400be-b7a3-40a7-b853-019a691560fa
2024-11-15 14:36:37,192;Capella;7.0.0.202407091438;Create+Representation;Operational+Entity+Breakdown;OK;e4e400be-b7a3-40a7-b853-019a691560fa
2024-11-15 14:36:38,254;Capella;7.0.0.202407091438;Create+Representation;Operational+Entity+Breakdown;;e4e400be-b7a3-40a7-b853-019a691560fa
2024-11-15 14:36:39,875;Capella;7.0.0.202407091438;Create+Representation;Operational+Entity+Breakdown;;e4e400be-b7a3-40a7-b853-019a691560fa
2024-11-15 14:36:40,040;Capella;7.0.0.202407091438;Create+Representation;Operational+Entity+Breakdown;OK;e4e400be-b7a3-40a7-b853-019a691560fa
2024-11-15 14:36:40,873;Capella;7.0.0.202407091438;Create+Representation;Operational+Entity+Breakdown;OK;e4e400be-b7a3-40a7-b853-019a691560fa
2024-11-15 14:37:33,616;Capella;7.0.0.202407091438;Transition;Functional+Transition;;
2024-11-15 14:37:36,764;Capella;7.0.0.202407091438;Transition;Functional+Transition;ERROR;
2024-11-15 14:37:38,437;Capella;7.0.0.202407091438;Transition;Functional+Transition;;
2024-11-15 14:37:40,313;Capella;7.0.0.202407091438;Transition;Functional+Transition;OK;
2024-11-15 14:37:43,632;Capella;7.0.0.202407091438;Create+Representation;System+Functions+-+Operational+Activities;;1d30b780-f222-4794-9f78-5b70ce799bf0
2024-11-15 14:37:44,911;Capella;7.0.0.202407091438;Create+Representation;System+Functions+-+Operational+Activities;OK;1d30b780-f222-4794-9f78-5b70ce799bf0
2024-11-15 14:37:47,179;Capella;7.0.0.202407091438;Transition;Capability+Transition;;
2024-11-15 14:37:58,381;Capella;7.0.0.202407091438;Transition;Capability+Transition;ERROR;
2024-11-19 11:29:16,329;Capella;7.0.0.202407091438;Open+Session;EOLE.aird;;
2024-11-19 11:29:17,279;Capella;7.0.0.202407091438;Open+Session;EOLE.aird;OK;
2024-11-19 12:02:31,806;Capella;7.0.0.202407091438;Create+Representation;Operational+Capabilities+Blank;;f096858c-7749-4bfa-a3e0-eda23a7e82af
2024-11-19 12:02:35,591;Capella;7.0.0.202407091438;Create+Representation;Operational+Capabilities+Blank;;f096858c-7749-4bfa-a3e0-eda23a7e82af
2024-11-19 12:02:35,644;Capella;7.0.0.202407091438;Create+Representation;Operational+Capabilities+Blank;OK;f096858c-7749-4bfa-a3e0-eda23a7e82af
2024-11-19 12:02:36,257;Capella;7.0.0.202407091438;Create+Representation;Operational+Capabilities+Blank;OK;f096858c-7749-4bfa-a3e0-eda23a7e82af
2024-11-19 12:27:20,391;Capella;7.0.0.202407091438;Create+Representation;Operational+Activity+Interaction+Blank;;842218f7-2bf5-41b1-84c0-d0a72797655d
2024-11-19 12:27:23,974;Capella;7.0.0.202407091438;Create+Representation;Operational+Activity+Interaction+Blank;;842218f7-2bf5-41b1-84c0-d0a72797655d
2024-11-19 12:27:23,979;Capella;7.0.0.202407091438;Create+Representation;Operational+Activity+Interaction+Blank;OK;842218f7-2bf5-41b1-84c0-d0a72797655d
2024-11-19 12:27:24,060;Capella;7.0.0.202407091438;Create+Representation;Operational+Activity+Interaction+Blank;OK;842218f7-2bf5-41b1-84c0-d0a72797655d
2024-11-19 12:34:27,566;Capella;7.0.0.202407091438;Create+Representation;Operational+Activity+Interaction+Blank;;842218f7-2bf5-41b1-84c0-d0a72797655d
2024-11-19 12:34:30,657;Capella;7.0.0.202407091438;Create+Representation;Operational+Activity+Interaction+Blank;;842218f7-2bf5-41b1-84c0-d0a72797655d
2024-11-19 12:34:30,664;Capella;7.0.0.202407091438;Create+Representation;Operational+Activity+Interaction+Blank;OK;842218f7-2bf5-41b1-84c0-d0a72797655d
2024-11-19 12:34:30,742;Capella;7.0.0.202407091438;Create+Representation;Operational+Activity+Interaction+Blank;OK;842218f7-2bf5-41b1-84c0-d0a72797655d
2024-11-19 12:37:49,082;Capella;7.0.0.202407091438;Create+Representation;Operational+Activity+Interaction+Blank;;842218f7-2bf5-41b1-84c0-d0a72797655d
2024-11-19 12:37:57,372;Capella;7.0.0.202407091438;Create+Representation;Operational+Activity+Interaction+Blank;OK;842218f7-2bf5-41b1-84c0-d0a72797655d
2024-11-19 12:37:58,175;Capella;7.0.0.202407091438;Create+Representation;Operational+Activity+Interaction+Blank;;842218f7-2bf5-41b1-84c0-d0a72797655d
2024-11-19 12:38:00,163;Capella;7.0.0.202407091438;Create+Representation;Operational+Activity+Interaction+Blank;;842218f7-2bf5-41b1-84c0-d0a72797655d
2024-11-19 12:38:00,175;Capella;7.0.0.202407091438;Create+Representation;Operational+Activity+Interaction+Blank;OK;842218f7-2bf5-41b1-84c0-d0a72797655d
2024-11-19 12:38:00,360;Capella;7.0.0.202407091438;Create+Representation;Operational+Activity+Interaction+Blank;OK;842218f7-2bf5-41b1-84c0-d0a72797655d
2024-11-19 12:42:31,776;Capella;7.0.0.202407091438;Validation;;;
2024-11-19 12:42:31,878;Capella;7.0.0.202407091438;Validation;;OK;
2024-11-19 12:47:11,284;Capella;7.0.0.202407091438;Create+Representation;Operational+Entity+Blank;;f3f27c6e-4937-463c-9d58-65e40dc6d443
2024-11-19 12:47:39,093;Capella;7.0.0.202407091438;Create+Representation;Operational+Entity+Blank;;f3f27c6e-4937-463c-9d58-65e40dc6d443
2024-11-19 12:47:39,101;Capella;7.0.0.202407091438;Create+Representation;Operational+Entity+Blank;OK;f3f27c6e-4937-463c-9d58-65e40dc6d443
2024-11-19 12:47:39,201;Capella;7.0.0.202407091438;Create+Representation;Operational+Entity+Blank;OK;f3f27c6e-4937-463c-9d58-65e40dc6d443
2024-11-19 12:59:28,591;Capella;7.0.0.202407091438;Open+Representation;;;
2024-11-19 12:59:28,696;Capella;7.0.0.202407091438;Open+Representation;;OK;
2024-11-19 13:12:43,054;Capella;7.0.0.202407091438;Create+Representation;Operational+Entity+Breakdown;;f3f27c6e-4937-463c-9d58-65e40dc6d443
2024-11-19 13:12:44,600;Capella;7.0.0.202407091438;Create+Representation;Operational+Entity+Breakdown;;f3f27c6e-4937-463c-9d58-65e40dc6d443
2024-11-19 13:12:44,664;Capella;7.0.0.202407091438;Create+Representation;Operational+Entity+Breakdown;OK;f3f27c6e-4937-463c-9d58-65e40dc6d443
2024-11-19 13:12:44,887;Capella;7.0.0.202407091438;Create+Representation;Operational+Entity+Breakdown;OK;f3f27c6e-4937-463c-9d58-65e40dc6d443
2024-11-19 13:24:16,314;Capella;7.0.0.202407091438;Open+Representation;;;
2024-11-19 13:24:16,359;Capella;7.0.0.202407091438;Open+Representation;;OK;
2024-11-19 13:27:56,069;Capella;7.0.0.202407091438;Open+Session;In-Flight+Entertainment+System.aird;;
2024-11-19 13:28:01,118;Capella;7.0.0.202407091438;Open+Session;In-Flight+Entertainment+System.aird;OK;
2024-11-19 13:28:22,549;Capella;7.0.0.202407091438;Open+Representation;;;
2024-11-19 13:28:22,738;Capella;7.0.0.202407091438;Open+Representation;;OK;
2024-11-19 13:28:34,547;Capella;7.0.0.202407091438;Open+Representation;;;
2024-11-19 13:28:34,670;Capella;7.0.0.202407091438;Open+Representation;;OK;
2024-11-19 14:17:48,419;Capella;7.0.0.202407091438;Create+Representation;Activity+Interaction+Scenario;;
2024-11-19 14:17:48,420;Capella;7.0.0.202407091438;Create+Representation;Activity+Interaction+Scenario;OK;
2024-11-19 14:19:01,724;Capella;7.0.0.202407091438;Create+Representation;Operational+Interaction+Scenario;;b990fcbd-2d68-43ed-935f-36e3eec354bd
2024-11-19 14:19:04,171;Capella;7.0.0.202407091438;Create+Representation;Operational+Interaction+Scenario;;5dcc6a8d-5406-4bf9-865e-241a4f48c84d
2024-11-19 14:19:04,197;Capella;7.0.0.202407091438;Create+Representation;Operational+Interaction+Scenario;OK;5dcc6a8d-5406-4bf9-865e-241a4f48c84d
2024-11-19 14:19:04,410;Capella;7.0.0.202407091438;Create+Representation;Operational+Interaction+Scenario;OK;b990fcbd-2d68-43ed-935f-36e3eec354bd
2024-11-19 14:46:40,606;Capella;7.0.0.202407091438;Create+Representation;Operational+Interaction+Scenario;;b990fcbd-2d68-43ed-935f-36e3eec354bd
2024-11-19 14:46:42,161;Capella;7.0.0.202407091438;Create+Representation;Operational+Interaction+Scenario;;97dbc337-738a-4ed7-87be-baedbc878757
2024-11-19 14:46:42,211;Capella;7.0.0.202407091438;Create+Representation;Operational+Interaction+Scenario;OK;97dbc337-738a-4ed7-87be-baedbc878757
2024-11-19 14:46:42,619;Capella;7.0.0.202407091438;Create+Representation;Operational+Interaction+Scenario;OK;b990fcbd-2d68-43ed-935f-36e3eec354bd
2024-11-20 15:14:48,968;Capella;7.0.0.202407091438;Open+Representation;;;
2024-11-20 15:14:49,244;Capella;7.0.0.202407091438;Open+Representation;;OK;
2024-11-20 15:20:55,904;Capella;7.0.0.202407091438;Create+Representation;Operational+Activity+Breakdown;;842218f7-2bf5-41b1-84c0-d0a72797655d
2024-11-20 15:20:57,240;Capella;7.0.0.202407091438;Create+Representation;Operational+Activity+Breakdown;;842218f7-2bf5-41b1-84c0-d0a72797655d
2024-11-20 15:20:57,260;Capella;7.0.0.202407091438;Create+Representation;Operational+Activity+Breakdown;OK;842218f7-2bf5-41b1-84c0-d0a72797655d
2024-11-20 15:20:57,521;Capella;7.0.0.202407091438;Create+Representation;Operational+Activity+Breakdown;OK;842218f7-2bf5-41b1-84c0-d0a72797655d
2024-11-20 15:31:28,550;Capella;7.0.0.202407091438;Open+Representation;;;
2024-11-20 15:31:28,686;Capella;7.0.0.202407091438;Open+Representation;;OK;
2024-11-20 15:31:31,462;Capella;7.0.0.202407091438;Open+Representation;;;
2024-11-20 15:31:31,635;Capella;7.0.0.202407091438;Open+Representation;;OK;
2024-11-22 11:15:18,679;Capella;7.0.0.202407091438;Transition;Functional+Transition;;
2024-11-22 11:16:15,226;Capella;7.0.0.202407091438;Transition;Functional+Transition;OK;
2024-11-22 11:16:58,933;Capella;7.0.0.202407091438;Transition;Functional+Transition;;
2024-11-22 11:17:14,970;Capella;7.0.0.202407091438;Transition;Functional+Transition;ERROR;
2024-11-22 11:17:51,505;Capella;7.0.0.202407091438;Transition;Functional+Transition;;
2024-11-22 11:18:56,503;Capella;7.0.0.202407091438;Transition;Functional+Transition;OK;
2024-11-22 11:25:14,615;Capella;7.0.0.202407091438;Transition;Capability+Transition;;
2024-11-22 11:26:24,034;Capella;7.0.0.202407091438;Transition;Capability+Transition;OK;
2024-11-22 11:29:11,146;Capella;7.0.0.202407091438;Create+Representation;System+Data+Flow+Blank;;50bf0bf6-c54d-4f83-beef-703ebb1aa22a
2024-11-22 11:29:11,252;Capella;7.0.0.202407091438;Create+Representation;System+Data+Flow+Blank;OK;50bf0bf6-c54d-4f83-beef-703ebb1aa22a
2024-11-22 11:29:44,863;Capella;7.0.0.202407091438;Create+Representation;System+Data+Flow+Blank;;4f05963e-b9b2-4ced-87b2-c3cd3e94f298
2024-11-22 11:29:44,873;Capella;7.0.0.202407091438;Create+Representation;System+Data+Flow+Blank;OK;4f05963e-b9b2-4ced-87b2-c3cd3e94f298
2024-11-25 11:57:29,732;Capella;7.0.0.202407091438;Validation;;;
2024-11-25 11:57:30,098;Capella;7.0.0.202407091438;Validation;;OK;
2024-11-25 11:58:37,789;Capella;7.0.0.202407091438;Validation;;;
2024-11-25 11:58:37,868;Capella;7.0.0.202407091438;Validation;;OK;
2024-11-25 12:08:49,305;Capella;7.0.0.202407091438;Open+Representation;;;
2024-11-25 12:08:49,440;Capella;7.0.0.202407091438;Open+Representation;;OK;
2024-11-25 12:21:11,244;Capella;7.0.0.202407091438;Create+Representation;System+Data+Flow+Blank;;d1a94d4c-19ad-4129-9875-b41fd3acbe9e
2024-11-25 12:21:17,356;Capella;7.0.0.202407091438;Create+Representation;System+Data+Flow+Blank;OK;d1a94d4c-19ad-4129-9875-b41fd3acbe9e
2024-11-25 12:22:03,898;Capella;7.0.0.202407091438;Create+Representation;System+Data+Flow+Blank;;d1a94d4c-19ad-4129-9875-b41fd3acbe9e
2024-11-25 12:22:11,326;Capella;7.0.0.202407091438;Create+Representation;System+Data+Flow+Blank;;d1a94d4c-19ad-4129-9875-b41fd3acbe9e
2024-11-25 12:22:11,337;Capella;7.0.0.202407091438;Create+Representation;System+Data+Flow+Blank;OK;d1a94d4c-19ad-4129-9875-b41fd3acbe9e
2024-11-25 12:22:11,449;Capella;7.0.0.202407091438;Create+Representation;System+Data+Flow+Blank;OK;d1a94d4c-19ad-4129-9875-b41fd3acbe9e
2024-11-25 13:16:10,837;Capella;7.0.0.202407091438;Create+Representation;System+Data+Flow+Blank;;d1a94d4c-19ad-4129-9875-b41fd3acbe9e
2024-11-25 13:16:39,615;Capella;7.0.0.202407091438;Create+Representation;System+Data+Flow+Blank;;d1a94d4c-19ad-4129-9875-b41fd3acbe9e
2024-11-25 13:16:39,623;Capella;7.0.0.202407091438;Create+Representation;System+Data+Flow+Blank;OK;d1a94d4c-19ad-4129-9875-b41fd3acbe9e
2024-11-25 13:16:39,724;Capella;7.0.0.202407091438;Create+Representation;System+Data+Flow+Blank;OK;d1a94d4c-19ad-4129-9875-b41fd3acbe9e
2024-11-25 13:17:22,230;Capella;7.0.0.202407091438;Create+Representation;System+Data+Flow+Blank;;d1a94d4c-19ad-4129-9875-b41fd3acbe9e
2024-11-25 13:17:27,032;Capella;7.0.0.202407091438;Create+Representation;System+Data+Flow+Blank;OK;d1a94d4c-19ad-4129-9875-b41fd3acbe9e
2024-11-25 13:19:48,551;Capella;7.0.0.202407091438;Create+Representation;System+Data+Flow+Blank;;d1a94d4c-19ad-4129-9875-b41fd3acbe9e
2024-11-25 13:20:12,509;Capella;7.0.0.202407091438;Create+Representation;System+Data+Flow+Blank;;d1a94d4c-19ad-4129-9875-b41fd3acbe9e
2024-11-25 13:20:12,516;Capella;7.0.0.202407091438;Create+Representation;System+Data+Flow+Blank;OK;d1a94d4c-19ad-4129-9875-b41fd3acbe9e
2024-11-25 13:20:12,613;Capella;7.0.0.202407091438;Create+Representation;System+Data+Flow+Blank;OK;d1a94d4c-19ad-4129-9875-b41fd3acbe9e
2024-11-25 13:58:13,590;Capella;7.0.0.202407091438;Transition;Operational+Entity+to+System+Actor+Transition;;
2024-11-25 13:58:57,161;Capella;7.0.0.202407091438;Transition;Operational+Entity+to+System+Actor+Transition;ERROR;
2024-11-25 13:59:13,912;Capella;7.0.0.202407091438;Transition;Operational+Entity+to+System+Actor+Transition;;
2024-11-25 14:04:33,501;Capella;7.0.0.202407091438;Transition;Operational+Entity+to+System+Actor+Transition;OK;
2024-11-25 14:06:22,320;Capella;7.0.0.202407091438;Create+Representation;System+Architecture+Blank;;aa0b8e4b-6ce5-419e-b6e4-4e7388ec887e
2024-11-25 14:06:44,533;Capella;7.0.0.202407091438;Create+Representation;System+Architecture+Blank;;aa0b8e4b-6ce5-419e-b6e4-4e7388ec887e
2024-11-25 14:06:44,551;Capella;7.0.0.202407091438;Create+Representation;System+Architecture+Blank;OK;aa0b8e4b-6ce5-419e-b6e4-4e7388ec887e
2024-11-25 14:06:44,733;Capella;7.0.0.202407091438;Create+Representation;System+Architecture+Blank;OK;aa0b8e4b-6ce5-419e-b6e4-4e7388ec887e
2024-11-25 14:07:25,198;Capella;7.0.0.202407091438;Create+Representation;System+Architecture+Blank;;aa0b8e4b-6ce5-419e-b6e4-4e7388ec887e
2024-11-25 14:07:32,485;Capella;7.0.0.202407091438;Create+Representation;System+Architecture+Blank;;aa0b8e4b-6ce5-419e-b6e4-4e7388ec887e
2024-11-25 14:07:32,494;Capella;7.0.0.202407091438;Create+Representation;System+Architecture+Blank;OK;aa0b8e4b-6ce5-419e-b6e4-4e7388ec887e
2024-11-25 14:07:32,636;Capella;7.0.0.202407091438;Create+Representation;System+Architecture+Blank;OK;aa0b8e4b-6ce5-419e-b6e4-4e7388ec887e
2024-11-25 14:08:29,653;Capella;7.0.0.202407091438;Transition;Operational+Entity+to+System+Actor+Transition;;
2024-11-25 14:09:09,451;Capella;7.0.0.202407091438;Transition;Operational+Entity+to+System+Actor+Transition;OK;
2024-11-25 16:16:31,507;Capella;7.0.0.202407091438;Create+Representation;System+Function+Breakdown;;d1a94d4c-19ad-4129-9875-b41fd3acbe9e
2024-11-25 16:17:01,038;Capella;7.0.0.202407091438;Create+Representation;System+Function+Breakdown;;d1a94d4c-19ad-4129-9875-b41fd3acbe9e
2024-11-25 16:17:01,049;Capella;7.0.0.202407091438;Create+Representation;System+Function+Breakdown;OK;d1a94d4c-19ad-4129-9875-b41fd3acbe9e
2024-11-25 16:17:01,262;Capella;7.0.0.202407091438;Create+Representation;System+Function+Breakdown;OK;d1a94d4c-19ad-4129-9875-b41fd3acbe9e
2024-11-26 16:10:53,358;Capella;7.0.0.202407091438;Create+Representation;Functional+Scenario;;50bf0bf6-c54d-4f83-beef-703ebb1aa22a
2024-11-26 16:11:07,098;Capella;7.0.0.202407091438;Create+Representation;Functional+Scenario;;a0d70a57-4329-45c9-8259-70011a3bd13c
2024-11-26 16:11:07,132;Capella;7.0.0.202407091438;Create+Representation;Functional+Scenario;OK;a0d70a57-4329-45c9-8259-70011a3bd13c
2024-11-26 16:11:07,354;Capella;7.0.0.202407091438;Create+Representation;Functional+Scenario;OK;50bf0bf6-c54d-4f83-beef-703ebb1aa22a
2024-11-26 16:19:16,795;Capella;7.0.0.202407091438;Open+Representation;;;
2024-11-26 16:19:16,826;Capella;7.0.0.202407091438;Open+Representation;;OK;
2024-11-26 16:19:17,778;Capella;7.0.0.202407091438;Open+Representation;;;
2024-11-26 16:19:17,806;Capella;7.0.0.202407091438;Open+Representation;;OK;
2024-11-26 16:20:21,049;Capella;7.0.0.202407091438;Transition;Function+Scenario+to+Exchange+Scenario+Initialization;;
2024-11-26 16:20:21,144;Capella;7.0.0.202407091438;Transition;Function+Scenario+to+Exchange+Scenario+Initialization;OK;
2024-11-26 16:21:14,193;Capella;7.0.0.202407091438;Create+Representation;Component+Exchanges+Scenario;;aafaae2d-960d-4017-b01e-fc28fe388180
2024-11-26 16:21:14,229;Capella;7.0.0.202407091438;Create+Representation;Component+Exchanges+Scenario;OK;aafaae2d-960d-4017-b01e-fc28fe388180
2024-11-27 09:28:37,281;Capella;7.0.0.202407091438;Open+Representation;;;
2024-11-27 09:28:37,511;Capella;7.0.0.202407091438;Open+Representation;;OK;
2024-11-27 09:29:46,771;Capella;7.0.0.202407091438;Create+Representation;Component+Exchanges+Scenario;;4f05963e-b9b2-4ced-87b2-c3cd3e94f298
2024-11-27 09:30:15,029;Capella;7.0.0.202407091438;Create+Representation;Component+Exchanges+Scenario;;93ad013c-10d8-4863-845b-ac066cd03b95
2024-11-27 09:30:15,055;Capella;7.0.0.202407091438;Create+Representation;Component+Exchanges+Scenario;OK;93ad013c-10d8-4863-845b-ac066cd03b95
2024-11-27 09:30:15,452;Capella;7.0.0.202407091438;Create+Representation;Component+Exchanges+Scenario;OK;4f05963e-b9b2-4ced-87b2-c3cd3e94f298
2024-11-27 10:02:19,054;Capella;7.0.0.202407091438;Open+Representation;;;
2024-11-27 10:02:19,280;Capella;7.0.0.202407091438;Open+Representation;;OK;
2024-11-27 11:43:02,841;Capella;7.0.0.202407091438;Create+Representation;Mode+State+Machine;;8bb0d766-dc97-4bcb-a8cf-4a3a347fb309
2024-11-27 11:43:23,403;Capella;7.0.0.202407091438;Create+Representation;Mode+State+Machine;;8bb0d766-dc97-4bcb-a8cf-4a3a347fb309
2024-11-27 11:43:23,415;Capella;7.0.0.202407091438;Create+Representation;Mode+State+Machine;OK;8bb0d766-dc97-4bcb-a8cf-4a3a347fb309
2024-11-27 11:43:23,569;Capella;7.0.0.202407091438;Create+Representation;Mode+State+Machine;OK;8bb0d766-dc97-4bcb-a8cf-4a3a347fb309
2024-11-27 11:47:59,863;Capella;7.0.0.202407091438;Create+Representation;Mode+State+Machine;;8bb0d766-dc97-4bcb-a8cf-4a3a347fb309
2024-11-27 11:48:34,096;Capella;7.0.0.202407091438;Create+Representation;Mode+State+Machine;;8bb0d766-dc97-4bcb-a8cf-4a3a347fb309
2024-11-27 11:48:34,113;Capella;7.0.0.202407091438;Create+Representation;Mode+State+Machine;OK;8bb0d766-dc97-4bcb-a8cf-4a3a347fb309
2024-11-27 11:48:34,296;Capella;7.0.0.202407091438;Create+Representation;Mode+State+Machine;OK;8bb0d766-dc97-4bcb-a8cf-4a3a347fb309
2024-11-27 11:56:08,706;Capella;7.0.0.202407091438;Create+Representation;State+And+Mode+-+Matrix;;cd29c987-2569-4415-a882-b49b138b8fb5
2024-11-27 11:56:31,823;Capella;7.0.0.202407091438;Create+Representation;State+And+Mode+-+Matrix;;cd29c987-2569-4415-a882-b49b138b8fb5
2024-11-27 11:56:31,858;Capella;7.0.0.202407091438;Create+Representation;State+And+Mode+-+Matrix;OK;cd29c987-2569-4415-a882-b49b138b8fb5
2024-11-27 11:56:32,016;Capella;7.0.0.202407091438;Create+Representation;State+And+Mode+-+Matrix;OK;cd29c987-2569-4415-a882-b49b138b8fb5
2024-11-27 11:57:13,496;Capella;7.0.0.202407091438;Create+Representation;State+And+Mode+-+Matrix;;cd29c987-2569-4415-a882-b49b138b8fb5
2024-11-27 11:57:33,225;Capella;7.0.0.202407091438;Create+Representation;State+And+Mode+-+Matrix;OK;cd29c987-2569-4415-a882-b49b138b8fb5
2024-11-27 11:57:42,056;Capella;7.0.0.202407091438;Create+Representation;State+And+Mode+-+Matrix;;94b69ddf-29c7-457d-9332-aabf0417ae49
2024-11-27 11:57:43,345;Capella;7.0.0.202407091438;Create+Representation;State+And+Mode+-+Matrix;;94b69ddf-29c7-457d-9332-aabf0417ae49
2024-11-27 11:57:43,354;Capella;7.0.0.202407091438;Create+Representation;State+And+Mode+-+Matrix;OK;94b69ddf-29c7-457d-9332-aabf0417ae49
2024-11-27 11:57:43,438;Capella;7.0.0.202407091438;Create+Representation;State+And+Mode+-+Matrix;OK;94b69ddf-29c7-457d-9332-aabf0417ae49
2024-11-27 11:58:55,658;Capella;7.0.0.202407091438;Create+Representation;State+And+Mode+-+Matrix;;cd29c987-2569-4415-a882-b49b138b8fb5
2024-11-27 12:01:43,792;Capella;7.0.0.202407091438;Create+Representation;State+And+Mode+-+Matrix;;cd29c987-2569-4415-a882-b49b138b8fb5
2024-11-27 12:01:43,812;Capella;7.0.0.202407091438;Create+Representation;State+And+Mode+-+Matrix;OK;cd29c987-2569-4415-a882-b49b138b8fb5
2024-11-27 12:01:43,931;Capella;7.0.0.202407091438;Create+Representation;State+And+Mode+-+Matrix;OK;cd29c987-2569-4415-a882-b49b138b8fb5
2024-11-27 12:05:22,527;Capella;7.0.0.202407091438;Validation;;;
2024-11-27 12:05:23,213;Capella;7.0.0.202407091438;Validation;;OK;
2024-11-27 12:06:58,290;Capella;7.0.0.202407091438;Create+Representation;State+And+Mode+-+Matrix;;94b69ddf-29c7-457d-9332-aabf0417ae49
2024-11-27 12:07:00,555;Capella;7.0.0.202407091438;Create+Representation;State+And+Mode+-+Matrix;OK;94b69ddf-29c7-457d-9332-aabf0417ae49
2024-11-27 12:07:55,357;Capella;7.0.0.202407091438;Create+Representation;State+And+Mode+-+Matrix;;94b69ddf-29c7-457d-9332-aabf0417ae49
2024-11-27 12:07:57,507;Capella;7.0.0.202407091438;Create+Representation;State+And+Mode+-+Matrix;;94b69ddf-29c7-457d-9332-aabf0417ae49
2024-11-27 12:07:57,512;Capella;7.0.0.202407091438;Create+Representation;State+And+Mode+-+Matrix;OK;94b69ddf-29c7-457d-9332-aabf0417ae49
2024-11-27 12:07:57,613;Capella;7.0.0.202407091438;Create+Representation;State+And+Mode+-+Matrix;OK;94b69ddf-29c7-457d-9332-aabf0417ae49
2024-11-27 12:17:40,316;Capella;7.0.0.202407091438;Create+Representation;State+And+Mode+-+Matrix;;cd29c987-2569-4415-a882-b49b138b8fb5
2024-11-27 12:17:46,829;Capella;7.0.0.202407091438;Create+Representation;State+And+Mode+-+Matrix;OK;cd29c987-2569-4415-a882-b49b138b8fb5
2024-11-27 12:17:50,407;Capella;7.0.0.202407091438;Create+Representation;Modes+%26+States;;
2024-11-27 12:17:50,407;Capella;7.0.0.202407091438;Create+Representation;Modes+%26+States;OK;
2024-11-27 12:17:57,277;Capella;7.0.0.202407091438;Create+Representation;Mode+State+Machine;;
2024-11-27 12:17:57,277;Capella;7.0.0.202407091438;Create+Representation;Mode+State+Machine;OK;
2024-11-27 12:18:00,783;Capella;7.0.0.202407091438;Create+Representation;Modes+%26+States;;8bb0d766-dc97-4bcb-a8cf-4a3a347fb309
2024-11-27 12:18:06,071;Capella;7.0.0.202407091438;Create+Representation;Modes+%26+States;OK;8bb0d766-dc97-4bcb-a8cf-4a3a347fb309
2024-11-27 12:18:10,096;Capella;7.0.0.202407091438;Create+Representation;Mode+State+Machine;;8bb0d766-dc97-4bcb-a8cf-4a3a347fb309
2024-11-27 12:18:22,697;Capella;7.0.0.202407091438;Create+Representation;Mode+State+Machine;OK;8bb0d766-dc97-4bcb-a8cf-4a3a347fb309
2024-11-27 12:18:27,538;Capella;7.0.0.202407091438;Create+Representation;Mode+State+Machine;;8bb0d766-dc97-4bcb-a8cf-4a3a347fb309
2024-11-27 12:18:34,258;Capella;7.0.0.202407091438;Create+Representation;Mode+State+Machine;;8bb0d766-dc97-4bcb-a8cf-4a3a347fb309
2024-11-27 12:18:34,271;Capella;7.0.0.202407091438;Create+Representation;Mode+State+Machine;OK;8bb0d766-dc97-4bcb-a8cf-4a3a347fb309
2024-11-27 12:18:34,423;Capella;7.0.0.202407091438;Create+Representation;Mode+State+Machine;OK;8bb0d766-dc97-4bcb-a8cf-4a3a347fb309
2024-11-27 12:21:09,025;Capella;7.0.0.202407091438;Create+Representation;State+And+Mode+-+Matrix;;cd29c987-2569-4415-a882-b49b138b8fb5
2024-11-27 12:21:16,556;Capella;7.0.0.202407091438;Create+Representation;State+And+Mode+-+Matrix;;cd29c987-2569-4415-a882-b49b138b8fb5
2024-11-27 12:21:16,588;Capella;7.0.0.202407091438;Create+Representation;State+And+Mode+-+Matrix;OK;cd29c987-2569-4415-a882-b49b138b8fb5
2024-11-27 12:21:16,683;Capella;7.0.0.202407091438;Create+Representation;State+And+Mode+-+Matrix;OK;cd29c987-2569-4415-a882-b49b138b8fb5
2024-11-27 12:22:34,123;Capella;7.0.0.202407091438;Create+Representation;State+And+Mode+-+Matrix;;94b69ddf-29c7-457d-9332-aabf0417ae49
2024-11-27 12:22:36,225;Capella;7.0.0.202407091438;Create+Representation;State+And+Mode+-+Matrix;;94b69ddf-29c7-457d-9332-aabf0417ae49
2024-11-27 12:22:36,237;Capella;7.0.0.202407091438;Create+Representation;State+And+Mode+-+Matrix;OK;94b69ddf-29c7-457d-9332-aabf0417ae49
2024-11-27 12:22:36,295;Capella;7.0.0.202407091438;Create+Representation;State+And+Mode+-+Matrix;OK;94b69ddf-29c7-457d-9332-aabf0417ae49
2024-11-27 12:43:04,727;Capella;7.0.0.202407091438;Open+Representation;;;
2024-11-27 12:43:04,883;Capella;7.0.0.202407091438;Open+Representation;;OK;
2024-11-27 13:08:25,447;Capella;7.0.0.202407091438;Create+Representation;State+And+Mode+-+Matrix;;94b69ddf-29c7-457d-9332-aabf0417ae49
2024-11-27 13:08:29,567;Capella;7.0.0.202407091438;Create+Representation;State+And+Mode+-+Matrix;OK;94b69ddf-29c7-457d-9332-aabf0417ae49
2024-11-27 13:08:30,867;Capella;7.0.0.202407091438;Create+Representation;State+And+Mode+-+Matrix;;94b69ddf-29c7-457d-9332-aabf0417ae49
2024-11-27 13:08:33,467;Capella;7.0.0.202407091438;Create+Representation;State+And+Mode+-+Matrix;;94b69ddf-29c7-457d-9332-aabf0417ae49
2024-11-27 13:08:33,474;Capella;7.0.0.202407091438;Create+Representation;State+And+Mode+-+Matrix;OK;94b69ddf-29c7-457d-9332-aabf0417ae49
2024-11-27 13:08:33,538;Capella;7.0.0.202407091438;Create+Representation;State+And+Mode+-+Matrix;OK;94b69ddf-29c7-457d-9332-aabf0417ae49
2024-11-27 13:08:58,369;Capella;7.0.0.202407091438;Create+Representation;State+And+Mode+-+Matrix;;cd29c987-2569-4415-a882-b49b138b8fb5
2024-11-27 13:08:59,607;Capella;7.0.0.202407091438;Create+Representation;State+And+Mode+-+Matrix;;cd29c987-2569-4415-a882-b49b138b8fb5
2024-11-27 13:08:59,611;Capella;7.0.0.202407091438;Create+Representation;State+And+Mode+-+Matrix;OK;cd29c987-2569-4415-a882-b49b138b8fb5
2024-11-27 13:08:59,684;Capella;7.0.0.202407091438;Create+Representation;State+And+Mode+-+Matrix;OK;cd29c987-2569-4415-a882-b49b138b8fb5
2024-11-27 14:27:23,001;Capella;7.0.0.202407091438;Create+Representation;State+And+Mode+-+Matrix;;cd29c987-2569-4415-a882-b49b138b8fb5
2024-11-27 14:27:25,202;Capella;7.0.0.202407091438;Create+Representation;State+And+Mode+-+Matrix;OK;cd29c987-2569-4415-a882-b49b138b8fb5
2024-11-27 15:04:51,743;Capella;7.0.0.202407091438;Open+Session;WeatherLib.aird;;
2024-11-27 15:04:52,785;Capella;7.0.0.202407091438;Open+Session;WeatherLib.aird;OK;
2024-11-27 15:07:59,384;Capella;7.0.0.202407091438;Open+Session;WeatherLib.aird;;
2024-11-27 15:08:00,911;Capella;7.0.0.202407091438;Open+Session;WeatherLib.aird;OK;
2024-11-27 15:08:46,672;Capella;7.0.0.202407091438;Close+Session;WeatherLib.aird;;
2024-11-27 15:08:46,855;Capella;7.0.0.202407091438;Close+Session;WeatherLib.aird;OK;
2024-11-27 15:09:11,462;Capella;7.0.0.202407091438;Open+Session;WeatherLib.aird;;
2024-11-27 15:09:12,110;Capella;7.0.0.202407091438;Open+Session;WeatherLib.aird;OK;
2024-11-27 15:11:30,316;Capella;7.0.0.202407091438;Create+Representation;Class+Diagram+Blank;;a4b5b52c-aaa1-45cd-a926-5aa881858641
2024-11-27 15:11:30,385;Capella;7.0.0.202407091438;Create+Representation;Class+Diagram+Blank;OK;a4b5b52c-aaa1-45cd-a926-5aa881858641
2024-11-27 15:35:28,690;Capella;7.0.0.202407091438;Create+Representation;Class+Diagram+Blank;;7f9b0b46-a97a-4134-9d11-7d67426bf00c
2024-11-27 15:35:28,759;Capella;7.0.0.202407091438;Create+Representation;Class+Diagram+Blank;OK;7f9b0b46-a97a-4134-9d11-7d67426bf00c
2024-11-27 16:08:36,130;Capella;7.0.0.202407091438;Create+Representation;Class+Diagram+Blank;;745b44c1-5d5a-4d8f-aae2-b5d61fb0c682
2024-11-27 16:08:36,142;Capella;7.0.0.202407091438;Create+Representation;Class+Diagram+Blank;OK;745b44c1-5d5a-4d8f-aae2-b5d61fb0c682
2024-11-27 16:43:53,594;Capella;7.0.0.202407091438;Open+Representation;;;
2024-11-27 16:43:53,853;Capella;7.0.0.202407091438;Open+Representation;;OK;
2024-11-27 16:44:03,822;Capella;7.0.0.202407091438;Open+Representation;;;
2024-11-27 16:44:04,106;Capella;7.0.0.202407091438;Open+Representation;;OK;
2024-11-27 16:50:07,612;Capella;7.0.0.202407091438;Open+Representation;;;
2024-11-27 16:50:07,771;Capella;7.0.0.202407091438;Open+Representation;;OK;
2024-11-27 16:50:23,479;Capella;7.0.0.202407091438;Transition;Exchange+Scenario+to+Interface+Scenario+Initialization;;
2024-11-27 16:50:23,750;Capella;7.0.0.202407091438;Transition;Exchange+Scenario+to+Interface+Scenario+Initialization;OK;
2024-11-27 16:51:47,142;Capella;7.0.0.202407091438;Transition;Exchange+Scenario+to+Interface+Scenario+Initialization;;
2024-11-27 16:51:47,244;Capella;7.0.0.202407091438;Transition;Exchange+Scenario+to+Interface+Scenario+Initialization;OK;
2024-11-27 16:53:39,705;Capella;7.0.0.202407091438;Transition;Exchange+Scenario+to+Interface+Scenario+Initialization;;
2024-11-27 16:53:39,834;Capella;7.0.0.202407091438;Transition;Exchange+Scenario+to+Interface+Scenario+Initialization;OK;
2024-11-27 17:04:17,339;Capella;7.0.0.202407091438;Open+Representation;;;
2024-11-27 17:04:17,463;Capella;7.0.0.202407091438;Open+Representation;;OK;
2024-11-27 17:04:26,162;Capella;7.0.0.202407091438;Open+Representation;;;
2024-11-27 17:04:26,283;Capella;7.0.0.202407091438;Open+Representation;;OK;
2024-11-27 17:04:36,116;Capella;7.0.0.202407091438;Open+Representation;;;
2024-11-27 17:04:36,253;Capella;7.0.0.202407091438;Open+Representation;;OK;
2024-11-27 17:04:39,735;Capella;7.0.0.202407091438;Open+Representation;;;
2024-11-27 17:04:39,778;Capella;7.0.0.202407091438;Open+Representation;;OK;
2024-11-27 17:05:38,780;Capella;7.0.0.202407091438;Create+Representation;Contextual+Component+Detailed+Interfaces;;1ff09a45-04f5-49d4-af80-fdb68a94a960
2024-11-27 17:05:41,835;Capella;7.0.0.202407091438;Create+Representation;Contextual+Component+Detailed+Interfaces;;1ff09a45-04f5-49d4-af80-fdb68a94a960
2024-11-27 17:05:41,883;Capella;7.0.0.202407091438;Create+Representation;Contextual+Component+Detailed+Interfaces;OK;1ff09a45-04f5-49d4-af80-fdb68a94a960
2024-11-27 17:05:42,114;Capella;7.0.0.202407091438;Create+Representation;Contextual+Component+Detailed+Interfaces;OK;1ff09a45-04f5-49d4-af80-fdb68a94a960
2024-11-27 17:05:53,915;Capella;7.0.0.202407091438;Create+Representation;Contextual+Component+External+Interfaces;;1ff09a45-04f5-49d4-af80-fdb68a94a960
2024-11-27 17:05:55,296;Capella;7.0.0.202407091438;Create+Representation;Contextual+Component+External+Interfaces;;1ff09a45-04f5-49d4-af80-fdb68a94a960
2024-11-27 17:05:55,379;Capella;7.0.0.202407091438;Create+Representation;Contextual+Component+External+Interfaces;OK;1ff09a45-04f5-49d4-af80-fdb68a94a960
2024-11-27 17:05:55,681;Capella;7.0.0.202407091438;Create+Representation;Contextual+Component+External+Interfaces;OK;1ff09a45-04f5-49d4-af80-fdb68a94a960
2024-11-28 15:48:27,185;Capella;7.0.0.202407091438;Transition;Functional+Transition;;
2024-11-28 15:48:41,393;Capella;7.0.0.202407091438;Transition;Functional+Transition;OK;
2024-11-28 15:49:38,299;Capella;7.0.0.202407091438;Transition;Actor+Transition;;
2024-11-28 15:51:31,284;Capella;7.0.0.202407091438;Transition;Actor+Transition;OK;
2024-11-28 16:45:29,699;Capella;7.0.0.202407091438;Create+Representation;Logical+Architecture+Blank;;d82d45f5-9d15-4685-8731-c906d575dabd
2024-11-28 16:45:54,914;Capella;7.0.0.202407091438;Create+Representation;Logical+Architecture+Blank;;d82d45f5-9d15-4685-8731-c906d575dabd
2024-11-28 16:45:54,945;Capella;7.0.0.202407091438;Create+Representation;Logical+Architecture+Blank;OK;d82d45f5-9d15-4685-8731-c906d575dabd
2024-11-28 16:45:55,188;Capella;7.0.0.202407091438;Create+Representation;Logical+Architecture+Blank;OK;d82d45f5-9d15-4685-8731-c906d575dabd
2024-11-28 17:30:40,104;Capella;7.0.0.202407091438;Open+Representation;;;
2024-11-28 17:30:40,446;Capella;7.0.0.202407091438;Open+Representation;;OK;
2024-11-29 10:26:31,930;Capella;7.0.0.202407091438;Bridge;Transition+System+to+SubSystem;;
2024-11-29 10:27:40,326;Capella;7.0.0.202407091438;Open+Session;Acquisition%2520SS.aird;;
2024-11-29 10:27:41,101;Capella;7.0.0.202407091438;Open+Session;Acquisition%2520SS.aird;OK;
2024-11-29 10:30:20,048;Capella;7.0.0.202407091438;Bridge;Transition+System+to+SubSystem;OK;
2024-11-29 10:31:34,401;Capella;7.0.0.202407091438;Open+Session;Acquisition+SS.aird;;
2024-11-29 10:34:26,612;Capella;7.0.0.202407091438;Create+Representation;System+Architecture+Blank;;bb94d6b4-aadd-4ced-9ae2-4f034a85f663
2024-11-29 10:34:43,240;Capella;7.0.0.202407091438;Create+Representation;System+Architecture+Blank;;bb94d6b4-aadd-4ced-9ae2-4f034a85f663
2024-11-29 10:34:43,592;Capella;7.0.0.202407091438;Create+Representation;System+Architecture+Blank;OK;bb94d6b4-aadd-4ced-9ae2-4f034a85f663
2024-11-29 10:34:45,219;Capella;7.0.0.202407091438;Create+Representation;System+Architecture+Blank;OK;bb94d6b4-aadd-4ced-9ae2-4f034a85f663
2024-11-29 10:35:17,627;Capella;7.0.0.202407091438;Open+Representation;;;
2024-11-29 10:35:17,998;Capella;7.0.0.202407091438;Open+Representation;;OK;
2024-11-29 10:35:41,287;Capella;7.0.0.202407091438;Bridge;Transition+System+to+SubSystem;;
2024-11-29 10:35:49,637;Capella;7.0.0.202407091438;Bridge;Transition+System+to+SubSystem;ERROR;
2024-11-29 10:35:58,934;Capella;7.0.0.202407091438;Bridge;Transition+System+to+SubSystem;;
2024-11-29 10:36:01,251;Capella;7.0.0.202407091438;Bridge;Transition+System+to+SubSystem;ERROR;
2024-11-29 10:36:10,824;Capella;7.0.0.202407091438;Close+Session;Acquisition+SS.aird;;
2024-11-29 10:36:10,973;Capella;7.0.0.202407091438;Close+Session;Acquisition+SS.aird;OK;
2024-11-29 10:36:37,352;Capella;7.0.0.202407091438;Bridge;Transition+System+to+SubSystem;;
2024-11-29 10:37:10,142;Capella;7.0.0.202407091438;Open+Session;Acquisition%2520SS.aird;;
2024-11-29 10:37:10,832;Capella;7.0.0.202407091438;Open+Session;Acquisition%2520SS.aird;OK;
2024-11-29 10:37:19,949;Capella;7.0.0.202407091438;Bridge;Transition+System+to+SubSystem;OK;
2024-11-29 10:38:07,970;Capella;7.0.0.202407091438;Create+Representation;System+Architecture+Blank;;d83ddad1-682b-416e-a848-50684ec0122b
2024-11-29 10:38:17,471;Capella;7.0.0.202407091438;Create+Representation;System+Architecture+Blank;;d83ddad1-682b-416e-a848-50684ec0122b
2024-11-29 10:38:17,534;Capella;7.0.0.202407091438;Create+Representation;System+Architecture+Blank;OK;d83ddad1-682b-416e-a848-50684ec0122b
2024-11-29 10:38:17,736;Capella;7.0.0.202407091438;Create+Representation;System+Architecture+Blank;OK;d83ddad1-682b-416e-a848-50684ec0122b
2024-11-29 11:27:03,758;Capella;7.0.0.202407091438;Open+Representation;;;
2024-11-29 11:27:04,143;Capella;7.0.0.202407091438;Open+Representation;;OK;
2024-11-29 11:27:32,624;Capella;7.0.0.202407091438;Transition;System+Exchange+Scenario+to+Logical+Exchange+Scenario+Initialization;;
2024-11-29 11:27:32,732;Capella;7.0.0.202407091438;Transition;Capability+Transition;;
2024-11-29 11:27:33,000;Capella;7.0.0.202407091438;Transition;Capability+Transition;OK;
2024-11-29 11:27:33,010;Capella;7.0.0.202407091438;Transition;Actor+Transition;;
2024-11-29 11:27:33,090;Capella;7.0.0.202407091438;Transition;Actor+Transition;OK;
2024-11-29 11:27:33,091;Capella;7.0.0.202407091438;Transition;Actor+Transition;;
2024-11-29 11:27:33,143;Capella;7.0.0.202407091438;Transition;Actor+Transition;OK;
2024-11-29 11:27:33,145;Capella;7.0.0.202407091438;Transition;System+Transition;;
2024-11-29 11:27:33,249;Capella;7.0.0.202407091438;Transition;System+Transition;OK;
2024-11-29 11:27:33,257;Capella;7.0.0.202407091438;Transition;Functional+Transition;;
2024-11-29 11:27:33,335;Capella;7.0.0.202407091438;Transition;Functional+Transition;OK;
2024-11-29 11:27:33,338;Capella;7.0.0.202407091438;Transition;Functional+Transition;;
2024-11-29 11:27:33,412;Capella;7.0.0.202407091438;Transition;Functional+Transition;OK;
2024-11-29 11:27:33,414;Capella;7.0.0.202407091438;Transition;Functional+Transition;;
2024-11-29 11:27:33,453;Capella;7.0.0.202407091438;Transition;Functional+Transition;OK;
2024-11-29 11:27:33,671;Capella;7.0.0.202407091438;Transition;System+Exchange+Scenario+to+Logical+Exchange+Scenario+Initialization;OK;
2024-11-29 11:31:34,942;Capella;7.0.0.202407091438;Create+Representation;Component+Exchanges+Scenario;;29104c0c-43cf-4319-8139-9a68e7734493
2024-11-29 11:31:34,985;Capella;7.0.0.202407091438;Create+Representation;Component+Exchanges+Scenario;OK;29104c0c-43cf-4319-8139-9a68e7734493
2024-11-29 11:31:53,045;Capella;7.0.0.202407091438;Create+Representation;Component+Exchanges+Scenario;;29104c0c-43cf-4319-8139-9a68e7734493
2024-11-29 11:31:53,082;Capella;7.0.0.202407091438;Create+Representation;Component+Exchanges+Scenario;OK;29104c0c-43cf-4319-8139-9a68e7734493
2024-11-29 11:37:51,660;Capella;7.0.0.202407091438;Bridge;Transition+System+to+SubSystem;;
2024-11-29 11:38:25,694;Capella;7.0.0.202407091438;Bridge;Transition+System+to+SubSystem;OK;
2024-11-29 11:38:31,675;Capella;7.0.0.202407091438;Open+Session;Acquisition+SS.aird;;
2024-11-29 11:38:36,901;Capella;7.0.0.202407091438;Open+Session;Acquisition+SS.aird;;
2024-11-29 11:40:01,311;Capella;7.0.0.202407091438;Open+Session;Acquisition+SS.aird;;
2024-11-29 11:40:02,684;Capella;7.0.0.202407091438;Open+Session;Acquisition+SS.aird;OK;
2024-11-29 11:40:39,063;Capella;7.0.0.202407091438;Create+Representation;System+Architecture+Blank;;d83ddad1-682b-416e-a848-50684ec0122b
2024-11-29 11:40:40,506;Capella;7.0.0.202407091438;Create+Representation;System+Architecture+Blank;;d83ddad1-682b-416e-a848-50684ec0122b
2024-11-29 11:40:40,589;Capella;7.0.0.202407091438;Create+Representation;System+Architecture+Blank;OK;d83ddad1-682b-416e-a848-50684ec0122b
2024-11-29 11:40:40,904;Capella;7.0.0.202407091438;Create+Representation;System+Architecture+Blank;OK;d83ddad1-682b-416e-a848-50684ec0122b
2024-11-29 11:42:13,443;Capella;7.0.0.202407091438;Create+Representation;Component+Exchanges+Scenario;;829062a3-effa-4345-a38d-a9123551d2cc
2024-11-29 11:42:14,834;Capella;7.0.0.202407091438;Create+Representation;Component+Exchanges+Scenario;;e0504406-3c16-44c1-8164-d86252dddb3f
2024-11-29 11:42:14,859;Capella;7.0.0.202407091438;Create+Representation;Component+Exchanges+Scenario;OK;e0504406-3c16-44c1-8164-d86252dddb3f
2024-11-29 11:42:15,123;Capella;7.0.0.202407091438;Create+Representation;Component+Exchanges+Scenario;OK;829062a3-effa-4345-a38d-a9123551d2cc
2024-11-29 11:42:45,992;Capella;7.0.0.202407091438;Open+Representation;;;
2024-11-29 11:42:46,590;Capella;7.0.0.202407091438;Open+Representation;;OK;
2024-11-29 11:43:21,974;Capella;7.0.0.202407091438;Open+Representation;;;
2024-11-29 11:43:22,005;Capella;7.0.0.202407091438;Open+Representation;;OK;
2024-11-29 11:43:49,589;Capella;7.0.0.202407091438;Create+Representation;Component+Exchanges+Scenario;;7f1aaaf6-d8ce-4811-a751-2be85563e7d5
2024-11-29 11:43:49,662;Capella;7.0.0.202407091438;Create+Representation;Component+Exchanges+Scenario;OK;7f1aaaf6-d8ce-4811-a751-2be85563e7d5
2024-11-29 11:44:53,656;Capella;7.0.0.202407091438;Open+Representation;;;
2024-11-29 11:44:54,004;Capella;7.0.0.202407091438;Open+Representation;;OK;
2024-11-29 12:33:20,580;Capella;7.0.0.202407091438;Open+Representation;;;
2024-11-29 12:33:20,627;Capella;7.0.0.202407091438;Open+Representation;;OK;
2024-11-29 12:33:32,624;Capella;7.0.0.202407091438;Open+Representation;;;
2024-11-29 12:33:33,002;Capella;7.0.0.202407091438;Open+Representation;;OK;
2024-11-29 12:55:05,708;Capella;7.0.0.202407091438;Transition;Capability+Transition;;
2024-11-29 12:56:03,051;Capella;7.0.0.202407091438;Transition;Capability+Transition;ERROR;
2024-12-02 12:36:01,223;Capella;7.0.0.202407091438;Transition;Functional+Transition;;
2024-12-02 12:41:17,127;Capella;7.0.0.202407091438;Transition;Functional+Transition;OK;
2024-12-02 12:41:46,902;Capella;7.0.0.202407091438;Transition;Actor+Transition;;
2024-12-02 12:44:17,180;Capella;7.0.0.202407091438;Transition;Actor+Transition;ERROR;
2024-12-02 12:44:20,354;Capella;7.0.0.202407091438;Transition;Functional+Transition;;
2024-12-02 12:44:33,354;Capella;7.0.0.202407091438;Transition;Functional+Transition;ERROR;
2024-12-02 12:44:36,898;Capella;7.0.0.202407091438;Transition;Actor+Transition;;
2024-12-02 12:47:03,531;Capella;7.0.0.202407091438;Transition;Actor+Transition;ERROR;
2024-12-02 12:47:49,860;Capella;7.0.0.202407091438;Transition;Actor+Transition;;
2024-12-02 12:47:51,947;Capella;7.0.0.202407091438;Transition;Actor+Transition;OK;
2024-12-02 12:48:23,291;Capella;7.0.0.202407091438;Transition;Actor+Transition;;
2024-12-02 12:48:49,078;Capella;7.0.0.202407091438;Transition;Actor+Transition;OK;
2024-12-02 12:49:30,008;Capella;7.0.0.202407091438;Create+Representation;Physical+Component+Breakdown;;1dd75be5-24ed-4a9d-972e-a85215d5365d
2024-12-02 12:49:41,263;Capella;7.0.0.202407091438;Create+Representation;Physical+Component+Breakdown;OK;1dd75be5-24ed-4a9d-972e-a85215d5365d
2024-12-02 12:49:42,273;Capella;7.0.0.202407091438;Create+Representation;Physical+Architecture+Blank;;1dd75be5-24ed-4a9d-972e-a85215d5365d
2024-12-02 12:50:41,281;Capella;7.0.0.202407091438;Create+Representation;Physical+Architecture+Blank;;1dd75be5-24ed-4a9d-972e-a85215d5365d
2024-12-02 12:50:41,300;Capella;7.0.0.202407091438;Create+Representation;Physical+Architecture+Blank;OK;1dd75be5-24ed-4a9d-972e-a85215d5365d
2024-12-02 12:50:41,522;Capella;7.0.0.202407091438;Create+Representation;Physical+Architecture+Blank;OK;1dd75be5-24ed-4a9d-972e-a85215d5365d
2024-12-02 13:05:10,594;Capella;7.0.0.202407091438;Transition;Functional+Transition;;
2024-12-02 13:05:14,085;Capella;7.0.0.202407091438;Transition;Functional+Transition;OK;
2024-12-02 13:05:22,938;Capella;7.0.0.202407091438;Transition;Actor+Transition;;
2024-12-02 13:05:25,392;Capella;7.0.0.202407091438;Transition;Actor+Transition;OK;
2024-12-02 13:05:29,760;Capella;7.0.0.202407091438;Create+Representation;Physical+Architecture+Blank;;1dd75be5-24ed-4a9d-972e-a85215d5365d
2024-12-02 13:05:44,527;Capella;7.0.0.202407091438;Create+Representation;Physical+Architecture+Blank;;1dd75be5-24ed-4a9d-972e-a85215d5365d
2024-12-02 13:05:44,626;Capella;7.0.0.202407091438;Create+Representation;Physical+Architecture+Blank;OK;1dd75be5-24ed-4a9d-972e-a85215d5365d
2024-12-02 13:05:45,258;Capella;7.0.0.202407091438;Create+Representation;Physical+Architecture+Blank;OK;1dd75be5-24ed-4a9d-972e-a85215d5365d
2024-12-02 13:21:23,222;Capella;7.0.0.202407091438;Create+Representation;Physical+Data+Flow+Blank;;27b86503-6117-43d3-8d75-a2f655164db5
2024-12-02 13:21:23,235;Capella;7.0.0.202407091438;Create+Representation;Physical+Data+Flow+Blank;OK;27b86503-6117-43d3-8d75-a2f655164db5
2024-12-03 09:43:04,570;Capella;7.0.0.202407091438;Create+Representation;Physical+Function+Breakdown;;d2a15782-b6b4-48d5-bf2d-f3568467f439
2024-12-03 09:43:12,209;Capella;7.0.0.202407091438;Create+Representation;Physical+Function+Breakdown;;d2a15782-b6b4-48d5-bf2d-f3568467f439
2024-12-03 09:43:12,233;Capella;7.0.0.202407091438;Create+Representation;Physical+Function+Breakdown;OK;d2a15782-b6b4-48d5-bf2d-f3568467f439
2024-12-03 09:43:12,489;Capella;7.0.0.202407091438;Create+Representation;Physical+Function+Breakdown;OK;d2a15782-b6b4-48d5-bf2d-f3568467f439
2024-12-03 11:17:29,853;Capella;7.0.0.202407091438;Open+Representation;;;
2024-12-03 11:17:30,053;Capella;7.0.0.202407091438;Open+Representation;;OK;
2024-12-03 12:31:46,987;Capella;7.0.0.202407091438;Create+Representation;Physical+Architecture+Blank;;1dd75be5-24ed-4a9d-972e-a85215d5365d
2024-12-03 12:32:08,675;Capella;7.0.0.202407091438;Create+Representation;Physical+Architecture+Blank;;1dd75be5-24ed-4a9d-972e-a85215d5365d
2024-12-03 12:32:08,704;Capella;7.0.0.202407091438;Create+Representation;Physical+Architecture+Blank;OK;1dd75be5-24ed-4a9d-972e-a85215d5365d
2024-12-03 12:32:08,886;Capella;7.0.0.202407091438;Create+Representation;Physical+Architecture+Blank;OK;1dd75be5-24ed-4a9d-972e-a85215d5365d
2024-12-03 13:57:49,331;Capella;7.0.0.202407091438;Create+Representation;Physical+Architecture+Blank;;1dd75be5-24ed-4a9d-972e-a85215d5365d
2024-12-03 13:57:59,908;Capella;7.0.0.202407091438;Create+Representation;Physical+Architecture+Blank;;1dd75be5-24ed-4a9d-972e-a85215d5365d
2024-12-03 13:57:59,921;Capella;7.0.0.202407091438;Create+Representation;Physical+Architecture+Blank;OK;1dd75be5-24ed-4a9d-972e-a85215d5365d
2024-12-03 13:58:00,046;Capella;7.0.0.202407091438;Create+Representation;Physical+Architecture+Blank;OK;1dd75be5-24ed-4a9d-972e-a85215d5365d
2024-12-03 14:02:23,004;Capella;7.0.0.202407091438;Open+Representation;;;
2024-12-03 14:02:23,430;Capella;7.0.0.202407091438;Open+Representation;;OK;
2024-12-03 14:04:06,029;Capella;7.0.0.202407091438;Open+Representation;;;
2024-12-03 14:04:06,215;Capella;7.0.0.202407091438;Open+Representation;;OK;
2024-12-03 14:08:47,994;Capella;7.0.0.202407091438;Create+Representation;Class+Diagram+Blank;;59f400e0-4dae-406d-95b3-1916b46df442
2024-12-03 14:08:48,009;Capella;7.0.0.202407091438;Create+Representation;Class+Diagram+Blank;OK;59f400e0-4dae-406d-95b3-1916b46df442
2024-12-03 14:10:16,621;Capella;7.0.0.202407091438;Open+Representation;;;
2024-12-03 14:10:16,775;Capella;7.0.0.202407091438;Open+Representation;;OK;
2024-12-03 14:14:40,299;Capella;7.0.0.202407091438;Create+Representation;Class+Diagram+Blank;;59f400e0-4dae-406d-95b3-1916b46df442
2024-12-03 14:14:40,306;Capella;7.0.0.202407091438;Create+Representation;Class+Diagram+Blank;OK;59f400e0-4dae-406d-95b3-1916b46df442
2024-12-03 14:16:45,771;Capella;7.0.0.202407091438;Open+Representation;;;
2024-12-03 14:16:45,814;Capella;7.0.0.202407091438;Open+Representation;;OK;
2024-12-03 14:25:49,476;Capella;7.0.0.202407091438;REC-RPL;Create+REC+from+selection;;
2024-12-03 14:27:19,328;Capella;7.0.0.202407091438;REC-RPL;Create+REC+from+selection;OK;
2024-12-03 14:27:50,068;Capella;7.0.0.202407091438;Create+Representation;Physical+Architecture+Blank;;1dd75be5-24ed-4a9d-972e-a85215d5365d
2024-12-03 14:27:58,850;Capella;7.0.0.202407091438;Create+Representation;Physical+Architecture+Blank;;1dd75be5-24ed-4a9d-972e-a85215d5365d
2024-12-03 14:27:58,861;Capella;7.0.0.202407091438;Create+Representation;Physical+Architecture+Blank;OK;1dd75be5-24ed-4a9d-972e-a85215d5365d
2024-12-03 14:27:59,026;Capella;7.0.0.202407091438;Create+Representation;Physical+Architecture+Blank;OK;1dd75be5-24ed-4a9d-972e-a85215d5365d
2024-12-03 14:28:13,920;Capella;7.0.0.202407091438;Open+Representation;;;
2024-12-03 14:28:14,055;Capella;7.0.0.202407091438;Open+Representation;;OK;
2024-12-03 14:28:18,523;Capella;7.0.0.202407091438;REC-RPL;Instantiate+RPL+from+REC;;
2024-12-03 14:29:26,024;Capella;7.0.0.202407091438;REC-RPL;Instantiate+RPL+from+REC;ERROR;
2024-12-03 14:30:18,848;Capella;7.0.0.202407091438;REC-RPL;Create+REC+from+selection;;
2024-12-03 14:30:44,555;Capella;7.0.0.202407091438;REC-RPL;Create+REC+from+selection;OK;
2024-12-03 14:31:17,311;Capella;7.0.0.202407091438;Open+Representation;;;
2024-12-03 14:31:17,423;Capella;7.0.0.202407091438;Open+Representation;;OK;
2024-12-03 14:31:22,450;Capella;7.0.0.202407091438;REC-RPL;Instantiate+RPL+from+REC;;
2024-12-03 14:33:34,297;Capella;7.0.0.202407091438;REC-RPL;Instantiate+RPL+from+REC;ERROR;
2024-12-03 14:37:47,437;Capella;7.0.0.202407091438;REC-RPL;Create+REC+from+selection;;
2024-12-03 14:38:04,400;Capella;7.0.0.202407091438;REC-RPL;Create+REC+from+selection;OK;
2024-12-03 14:47:57,487;Capella;7.0.0.202407091438;REC-RPL;Create+REC+from+selection;;
2024-12-03 14:48:45,545;Capella;7.0.0.202407091438;REC-RPL;Create+REC+from+selection;OK;
2024-12-03 14:48:59,439;Capella;7.0.0.202407091438;Create+Representation;Physical+Architecture+Blank;;1dd75be5-24ed-4a9d-972e-a85215d5365d
2024-12-03 14:49:01,328;Capella;7.0.0.202407091438;Create+Representation;Physical+Architecture+Blank;;1dd75be5-24ed-4a9d-972e-a85215d5365d
2024-12-03 14:49:01,341;Capella;7.0.0.202407091438;Create+Representation;Physical+Architecture+Blank;OK;1dd75be5-24ed-4a9d-972e-a85215d5365d
2024-12-03 14:49:01,543;Capella;7.0.0.202407091438;Create+Representation;Physical+Architecture+Blank;OK;1dd75be5-24ed-4a9d-972e-a85215d5365d
2024-12-03 14:49:50,911;Capella;7.0.0.202407091438;REC-RPL;Instantiate+RPL+from+REC;;
2024-12-03 14:50:44,318;Capella;7.0.0.202407091438;REC-RPL;Instantiate+RPL+from+REC;ERROR;
2024-12-03 14:52:16,639;Capella;7.0.0.202407091438;REC-RPL;Create+REC+from+selection;;
2024-12-03 14:52:56,384;Capella;7.0.0.202407091438;REC-RPL;Create+REC+from+selection;OK;
2024-12-03 15:11:28,028;Capella;7.0.0.202407091438;Create+Representation;Physical+Architecture+Blank;;1dd75be5-24ed-4a9d-972e-a85215d5365d
2024-12-03 15:11:29,433;Capella;7.0.0.202407091438;Create+Representation;Physical+Architecture+Blank;;1dd75be5-24ed-4a9d-972e-a85215d5365d
2024-12-03 15:11:29,449;Capella;7.0.0.202407091438;Create+Representation;Physical+Architecture+Blank;OK;1dd75be5-24ed-4a9d-972e-a85215d5365d
2024-12-03 15:11:29,655;Capella;7.0.0.202407091438;Create+Representation;Physical+Architecture+Blank;OK;1dd75be5-24ed-4a9d-972e-a85215d5365d
2024-12-03 15:11:32,570;Capella;7.0.0.202407091438;REC-RPL;Instantiate+RPL+from+REC;;
2024-12-03 15:13:26,761;Capella;7.0.0.202407091438;REC-RPL;Instantiate+RPL+from+REC;ERROR;
2024-12-03 15:15:27,681;Capella;7.0.0.202407091438;REC-RPL;Create+REC+from+selection;;
2024-12-03 15:15:53,171;Capella;7.0.0.202407091438;REC-RPL;Create+REC+from+selection;OK;
2024-12-03 15:18:54,740;Capella;7.0.0.202407091438;REC-RPL;Create+REC+from+selection;;
2024-12-03 15:19:03,229;Capella;7.0.0.202407091438;REC-RPL;Create+REC+from+selection;OK;
2024-12-03 15:23:32,315;Capella;7.0.0.202407091438;Create+Representation;Configuration+Items+Breakdown;;d7d769ca-c2e2-467a-a7ed-d1606c861a56
2024-12-03 15:23:34,195;Capella;7.0.0.202407091438;Create+Representation;Configuration+Items+Breakdown;;d7d769ca-c2e2-467a-a7ed-d1606c861a56
2024-12-03 15:23:34,252;Capella;7.0.0.202407091438;Create+Representation;Configuration+Items+Breakdown;OK;d7d769ca-c2e2-467a-a7ed-d1606c861a56
2024-12-03 15:23:34,478;Capella;7.0.0.202407091438;Create+Representation;Configuration+Items+Breakdown;OK;d7d769ca-c2e2-467a-a7ed-d1606c861a56
2024-12-03 15:57:41,528;Capella;7.0.0.202407091438;Open+Representation;;;
2024-12-03 15:57:41,623;Capella;7.0.0.202407091438;Open+Representation;;OK;
2024-12-03 16:05:22,740;Capella;7.0.0.202407091438;Create+Representation;EPBS+Architecture+Blank;;d7d769ca-c2e2-467a-a7ed-d1606c861a56
2024-12-03 16:05:23,955;Capella;7.0.0.202407091438;Create+Representation;EPBS+Architecture+Blank;;d7d769ca-c2e2-467a-a7ed-d1606c861a56
2024-12-03 16:05:23,964;Capella;7.0.0.202407091438;Create+Representation;EPBS+Architecture+Blank;OK;d7d769ca-c2e2-467a-a7ed-d1606c861a56
2024-12-03 16:05:24,061;Capella;7.0.0.202407091438;Create+Representation;EPBS+Architecture+Blank;OK;d7d769ca-c2e2-467a-a7ed-d1606c861a56
2024-12-03 16:16:08,098;Capella;7.0.0.202407091438;Create+Representation;EPBS+Architecture+Blank;;d7d769ca-c2e2-467a-a7ed-d1606c861a56
2024-12-03 16:16:09,340;Capella;7.0.0.202407091438;Create+Representation;EPBS+Architecture+Blank;;d7d769ca-c2e2-467a-a7ed-d1606c861a56
2024-12-03 16:16:09,358;Capella;7.0.0.202407091438;Create+Representation;EPBS+Architecture+Blank;OK;d7d769ca-c2e2-467a-a7ed-d1606c861a56
2024-12-03 16:16:09,451;Capella;7.0.0.202407091438;Create+Representation;EPBS+Architecture+Blank;OK;d7d769ca-c2e2-467a-a7ed-d1606c861a56
2024-12-03 16:19:16,392;Capella;7.0.0.202407091438;Open+Representation;;;
2024-12-03 16:19:17,619;Capella;7.0.0.202407091438;Open+Representation;;OK;
2024-12-03 16:19:47,004;Capella;7.0.0.202407091438;Create+Representation;Configuration+Items+Breakdown;;d7d769ca-c2e2-467a-a7ed-d1606c861a56
2024-12-03 16:19:48,359;Capella;7.0.0.202407091438;Create+Representation;Configuration+Items+Breakdown;OK;d7d769ca-c2e2-467a-a7ed-d1606c861a56
2024-12-03 16:19:52,426;Capella;7.0.0.202407091438;Open+Representation;;;
2024-12-03 16:19:52,582;Capella;7.0.0.202407091438;Open+Representation;;OK;
2024-12-03 16:25:57,306;Capella;7.0.0.202407091438;Open+Representation;;;
2024-12-03 16:25:57,405;Capella;7.0.0.202407091438;Open+Representation;;OK;
2024-12-03 16:32:00,979;Capella;7.0.0.202407091438;Open+Representation;;;
2024-12-03 16:32:01,533;Capella;7.0.0.202407091438;Open+Representation;;OK;
2024-12-03 16:32:38,001;Capella;7.0.0.202407091438;Open+Representation;;;
2024-12-03 16:32:38,279;Capella;7.0.0.202407091438;Open+Representation;;OK;
2024-12-04 09:58:56,491;Capella;7.0.0.202407091438;Open+Representation;;;
2024-12-04 09:58:56,533;Capella;7.0.0.202407091438;Open+Representation;;OK;
2024-12-04 09:59:01,453;Capella;7.0.0.202407091438;Open+Representation;;;
2024-12-04 09:59:01,673;Capella;7.0.0.202407091438;Open+Representation;;OK;
2024-12-04 10:00:42,989;Capella;7.0.0.202407091438;Open+Representation;;;
2024-12-04 10:00:43,218;Capella;7.0.0.202407091438;Open+Representation;;OK;
2024-12-04 10:15:28,431;Capella;7.0.0.202407091438;Open+Representation;;;
2024-12-04 10:15:28,482;Capella;7.0.0.202407091438;Open+Representation;;OK;
2024-12-10 17:14:38,224;Capella;7.0.0.202407091438;Open+Session;EOLE.aird;;
2024-12-10 17:15:08,756;Capella;7.0.0.202407091438;Open+Representation;;;
2024-12-10 17:15:09,101;Capella;7.0.0.202407091438;Open+Representation;;OK;
2024-12-10 17:18:31,122;Capella;7.0.0.202407091438;Open+Representation;;;
2024-12-10 17:18:31,689;Capella;7.0.0.202407091438;Open+Representation;;OK;
